{
  "0 debug pnpm:scope": {
    "selected": 1
  },
  "1 error pnpm": {
    "shortMessage": "Command failed with exit code 1: /tmp/dlx-2585/bin/create-vite my-app-latest --template react",
    "command": "/tmp/dlx-2585/bin/create-vite my-app-latest --template react",
    "escapedCommand": "\"/tmp/dlx-2585/bin/create-vite\" my-app-latest --template react",
    "exitCode": 1,
    "failed": true,
    "timedOut": false,
    "isCanceled": false,
    "killed": false,
    "err": {
      "name": "pnpm",
      "message": "Command failed with exit code 1: /tmp/dlx-2585/bin/create-vite my-app-latest --template react",
      "stack": "pnpm: Command failed with exit code 1: /tmp/dlx-2585/bin/create-vite my-app-latest --template react\n    at makeError (/usr/local/lib/node_modules/pnpm/dist/pnpm.cjs:42606:17)\n    at handlePromise (/usr/local/lib/node_modules/pnpm/dist/pnpm.cjs:43177:33)\n    at processTicksAndRejections (internal/process/task_queues.js:95:5)\n    at async Object.handler (/usr/local/lib/node_modules/pnpm/dist/pnpm.cjs:177929:7)\n    at async /usr/local/lib/node_modules/pnpm/dist/pnpm.cjs:182617:21\n    at async run (/usr/local/lib/node_modules/pnpm/dist/pnpm.cjs:182591:34)\n    at async runPnpm (/usr/local/lib/node_modules/pnpm/dist/pnpm.cjs:182810:5)\n    at async /usr/local/lib/node_modules/pnpm/dist/pnpm.cjs:182802:7"
    }
  }
}